Using pre-set license
Built from '2022.3/staging' branch; Version is '2022.3.11f1 (d00248457e15) revision 13632072'; Using compiler version '192829333'; Build Type 'Release'
OS: 'Windows 10  (10.0.19045) 64bit Professional' Language: 'en' Physical Memory: 8001 MB
BatchMode: 1, IsHumanControllingUs: 0, StartBugReporterOnCrash: 0, Is64bit: 1, IsPro: 1

COMMAND LINE ARGUMENTS:
D:\Unity\2022.3.11f1\Editor\Unity.exe
-adb2
-batchMode
-noUpm
-name
AssetImportWorker0
-projectPath
D:/Time-s-Reality/Time's Reality
-logFile
Logs/AssetImportWorker0.log
-srvPort
54771
Successfully changed project path to: D:/Time-s-Reality/Time's Reality
D:/Time-s-Reality/Time's Reality
[UnityMemory] Configuration Parameters - Can be set up in boot.config
    "memorysetup-bucket-allocator-granularity=16"
    "memorysetup-bucket-allocator-bucket-count=8"
    "memorysetup-bucket-allocator-block-size=33554432"
    "memorysetup-bucket-allocator-block-count=8"
    "memorysetup-main-allocator-block-size=16777216"
    "memorysetup-thread-allocator-block-size=16777216"
    "memorysetup-gfx-main-allocator-block-size=16777216"
    "memorysetup-gfx-thread-allocator-block-size=16777216"
    "memorysetup-cache-allocator-block-size=4194304"
    "memorysetup-typetree-allocator-block-size=2097152"
    "memorysetup-profiler-bucket-allocator-granularity=16"
    "memorysetup-profiler-bucket-allocator-bucket-count=8"
    "memorysetup-profiler-bucket-allocator-block-size=33554432"
    "memorysetup-profiler-bucket-allocator-block-count=8"
    "memorysetup-profiler-allocator-block-size=16777216"
    "memorysetup-profiler-editor-allocator-block-size=1048576"
    "memorysetup-temp-allocator-size-main=16777216"
    "memorysetup-job-temp-allocator-block-size=2097152"
    "memorysetup-job-temp-allocator-block-size-background=1048576"
    "memorysetup-job-temp-allocator-reduction-small-platforms=262144"
    "memorysetup-allocator-temp-initial-block-size-main=262144"
    "memorysetup-allocator-temp-initial-block-size-worker=262144"
    "memorysetup-temp-allocator-size-background-worker=32768"
    "memorysetup-temp-allocator-size-job-worker=262144"
    "memorysetup-temp-allocator-size-preload-manager=33554432"
    "memorysetup-temp-allocator-size-nav-mesh-worker=65536"
    "memorysetup-temp-allocator-size-audio-worker=65536"
    "memorysetup-temp-allocator-size-cloud-worker=32768"
    "memorysetup-temp-allocator-size-gi-baking-worker=262144"
    "memorysetup-temp-allocator-size-gfx=262144"
Player connection [21212] Host "[IP] 192.168.216.1 [Port] 0 [Flags] 2 [Guid] 2746891846 [EditorId] 2746891846 [Version] 1048832 [Id] WindowsEditor(7,DESKTOP-TAGQ0IR) [Debug] 1 [PackageName] WindowsEditor [ProjectName] Editor" joined multi-casting on [225.0.0.222:54997]...

Player connection [21212] Host "[IP] 192.168.216.1 [Port] 0 [Flags] 2 [Guid] 2746891846 [EditorId] 2746891846 [Version] 1048832 [Id] WindowsEditor(7,DESKTOP-TAGQ0IR) [Debug] 1 [PackageName] WindowsEditor [ProjectName] Editor" joined alternative multi-casting on [225.0.0.222:34997]...

[Physics::Module] Initialized MultithreadedJobDispatcher with 7 workers.
Refreshing native plugins compatible for Editor in 48.94 ms, found 3 plugins.
Preloading 0 native plugins for Editor in 0.00 ms.
Initialize engine version: 2022.3.11f1 (d00248457e15)
[Subsystems] Discovering subsystems at path D:/Unity/2022.3.11f1/Editor/Data/Resources/UnitySubsystems
[Subsystems] Discovering subsystems at path D:/Time-s-Reality/Time's Reality/Assets
GfxDevice: creating device client; threaded=0; jobified=0
Direct3D:
    Version:  Direct3D 11.0 [level 11.1]
    Renderer: NVIDIA GeForce MX250 (ID=0x1d13)
    Vendor:   NVIDIA
    VRAM:     1983 MB
    Driver:   30.0.15.1169
Initialize mono
Mono path[0] = 'D:/Unity/2022.3.11f1/Editor/Data/Managed'
Mono path[1] = 'D:/Unity/2022.3.11f1/Editor/Data/MonoBleedingEdge/lib/mono/unityjit-win32'
Mono config path = 'D:/Unity/2022.3.11f1/Editor/Data/MonoBleedingEdge/etc'
Using monoOptions --debugger-agent=transport=dt_socket,embedding=1,server=y,suspend=n,address=127.0.0.1:56080
Begin MonoManager ReloadAssembly
Registering precompiled unity dll's ...
Register platform support module: D:/Unity/2022.3.11f1/Editor/Data/PlaybackEngines/AndroidPlayer/UnityEditor.Android.Extensions.dll
Register platform support module: D:/Unity/2022.3.11f1/Editor/Data/PlaybackEngines/WindowsStandaloneSupport/UnityEditor.WindowsStandalone.Extensions.dll
Registered in 0.016248 seconds.
- Loaded All Assemblies, in  1.738 seconds
Native extension for WindowsStandalone target not found
Native extension for Android target not found
Android Extension - Scanning For ADB Devices 1483 ms
Mono: successfully reloaded assembly
- Finished resetting the current domain, in  3.367 seconds
Domain Reload Profiling: 5106ms
	BeginReloadAssembly (428ms)
		ExecutionOrderSort (0ms)
		DisableScriptedObjects (0ms)
		BackupInstance (0ms)
		ReleaseScriptingObjects (0ms)
		CreateAndSetChildDomain (2ms)
	RebuildCommonClasses (177ms)
	RebuildNativeTypeToScriptingClass (65ms)
	initialDomainReloadingComplete (243ms)
	LoadAllAssembliesAndSetupDomain (823ms)
		LoadAssemblies (427ms)
		RebuildTransferFunctionScriptingTraits (0ms)
		AnalyzeDomain (812ms)
			TypeCache.Refresh (796ms)
				TypeCache.ScanAssembly (689ms)
			ScanForSourceGeneratedMonoScriptInfo (4ms)
			ResolveRequiredComponents (7ms)
	FinalizeReload (3370ms)
		ReleaseScriptCaches (0ms)
		RebuildScriptCaches (0ms)
		SetupLoadedEditorAssemblies (2930ms)
			LogAssemblyErrors (0ms)
			InitializePlatformSupportModulesInManaged (2085ms)
			SetLoadedEditorAssemblies (52ms)
			RefreshPlugins (0ms)
			BeforeProcessingInitializeOnLoad (10ms)
			ProcessInitializeOnLoadAttributes (516ms)
			ProcessInitializeOnLoadMethodAttributes (267ms)
			AfterProcessingInitializeOnLoad (0ms)
			EditorAssembliesLoaded (0ms)
		ExecutionOrderSort2 (0ms)
		AwakeInstancesAfterBackupRestoration (0ms)
========================================================================
Worker process is ready to serve import requests
Begin MonoManager ReloadAssembly
- Loaded All Assemblies, in  3.657 seconds
Refreshing native plugins compatible for Editor in 7.47 ms, found 3 plugins.
Native extension for WindowsStandalone target not found
Native extension for Android target not found
Package Manager log level set to [2]
[Package Manager] Server::EnsureServerProcessIsRunning -- launch failed, reason: Unity was launched with the -noUpm command-line argument
[Package Manager] UpmClient::Send -- Unable to send message (not connected to UPM process).
[Package Manager] Cannot connect to Unity Package Manager local server
Mono: successfully reloaded assembly
- Finished resetting the current domain, in  4.952 seconds
Domain Reload Profiling: 8612ms
	BeginReloadAssembly (626ms)
		ExecutionOrderSort (0ms)
		DisableScriptedObjects (25ms)
		BackupInstance (0ms)
		ReleaseScriptingObjects (0ms)
		CreateAndSetChildDomain (67ms)
	RebuildCommonClasses (145ms)
	RebuildNativeTypeToScriptingClass (46ms)
	initialDomainReloadingComplete (138ms)
	LoadAllAssembliesAndSetupDomain (2701ms)
		LoadAssemblies (1541ms)
		RebuildTransferFunctionScriptingTraits (0ms)
		AnalyzeDomain (1503ms)
			TypeCache.Refresh (1334ms)
				TypeCache.ScanAssembly (1213ms)
			ScanForSourceGeneratedMonoScriptInfo (138ms)
			ResolveRequiredComponents (27ms)
	FinalizeReload (4957ms)
		ReleaseScriptCaches (0ms)
		RebuildScriptCaches (0ms)
		SetupLoadedEditorAssemblies (3763ms)
			LogAssemblyErrors (0ms)
			InitializePlatformSupportModulesInManaged (217ms)
			SetLoadedEditorAssemblies (50ms)
			RefreshPlugins (0ms)
			BeforeProcessingInitializeOnLoad (675ms)
			ProcessInitializeOnLoadAttributes (2673ms)
			ProcessInitializeOnLoadMethodAttributes (108ms)
			AfterProcessingInitializeOnLoad (26ms)
			EditorAssembliesLoaded (12ms)
		ExecutionOrderSort2 (0ms)
		AwakeInstancesAfterBackupRestoration (148ms)
Launched and connected shader compiler UnityShaderCompiler.exe after 0.19 seconds
Refreshing native plugins compatible for Editor in 10.98 ms, found 3 plugins.
Preloading 0 native plugins for Editor in 0.00 ms.
Unloading 3092 Unused Serialized files (Serialized files now loaded: 0)
Unloading 32 unused Assets / (56.8 KB). Loaded Objects now: 3556.
Memory consumption went from 127.1 MB to 127.0 MB.
Total: 226.679700 ms (FindLiveObjects: 2.876000 ms CreateObjectMapping: 0.721900 ms MarkObjects: 222.160300 ms  DeleteObjects: 0.919400 ms)

AssetImportParameters requested are different than current active one (requested -> active):
  custom:container-demuxer-ogg: 62fdf1f143b41e24485cea50d1cbac27 -> 
  custom:video-decoder-ogg-theora: a1e56fd34408186e4bbccfd4996cb3dc -> 
  custom:framework-win-MediaFoundation: 216162199b28c13a410421893ffa2e32 -> 
  custom:CustomObjectIndexerAttribute: 756ad292c208cfabdd7b50bc23989ffe -> 
  custom:container-demuxer-webm: 4f35f7cbe854078d1ac9338744f61a02 -> 
  custom:container-muxer-webm: aa71ff27fc2769a1b78a27578f13a17b -> 
  custom:video-decoder-webm-vp8: 9c59270c3fd7afecdb556c50c9e8de78 -> 
  custom:SearchIndexIgnoredProperties: e643bd26f0fe6173181afceb89e7c659 -> 
  custom:AudioImporter_EditorPlatform: d09bf68614088b80899f8185d706f6e7 -> 
  custom:video-encoder-webm-vp8: eb34c28f22e8b96e1ab97ce403110664 -> 
  custom:audio-decoder-ogg-vorbis: bf7c407c2cedff20999df2af8eb42d56 -> 
  custom:audio-encoder-webm-vorbis: bf7c407c2cedff20999df2af8eb42d56 -> 
========================================================================
Received Import Request.
  Time since last request: 1550058.444748 seconds.
  path: Assets/Animation/Animation
  artifactKey: Guid(b405d95acbdb8ad44bbc36063478ef3c) Importer(815301076,1909f56bfc062723c751e8b465ee728b)
Start importing Assets/Animation/Animation using Guid(b405d95acbdb8ad44bbc36063478ef3c) Importer(815301076,1909f56bfc062723c751e8b465ee728b)  -> (artifact id: '321ead269c9658a4a5ac4a144296fa9b') in 0.005434 seconds
Number of updated asset objects reloaded before import = 0
Number of asset objects unloaded after import = 0
========================================================================
Received Import Request.
  Time since last request: 0.069675 seconds.
  path: Assets/Animation/Animation/Breathing Idle.fbx
  artifactKey: Guid(577ff2eeebd12034d95c3f702babc500) Importer(815301076,1909f56bfc062723c751e8b465ee728b)
Start importing Assets/Animation/Animation/Breathing Idle.fbx using Guid(577ff2eeebd12034d95c3f702babc500) Importer(815301076,1909f56bfc062723c751e8b465ee728b)  -> (artifact id: 'b62e1249d076531aa03bc668a08dca1d') in 0.532511 seconds
Number of updated asset objects reloaded before import = 0
Number of asset objects unloaded after import = 140
========================================================================
Received Import Request.
  Time since last request: 0.000044 seconds.
  path: Assets/Animation/Animation/Walking Backwards.fbx
  artifactKey: Guid(cb0ccaf503649af4596dcf05af576ddf) Importer(815301076,1909f56bfc062723c751e8b465ee728b)
Start importing Assets/Animation/Animation/Walking Backwards.fbx using Guid(cb0ccaf503649af4596dcf05af576ddf) Importer(815301076,1909f56bfc062723c751e8b465ee728b)  -> (artifact id: 'c593b95281cefcadc0d259ab0a0da51c') in 0.129291 seconds
Number of updated asset objects reloaded before import = 0
Number of asset objects unloaded after import = 140
========================================================================
Received Import Request.
  Time since last request: 0.000796 seconds.
  path: Assets/Animation/Animation/Left Strafe Walking.fbx
  artifactKey: Guid(461b9b083e7a1e545b74908fa137a67c) Importer(815301076,1909f56bfc062723c751e8b465ee728b)
Start importing Assets/Animation/Animation/Left Strafe Walking.fbx using Guid(461b9b083e7a1e545b74908fa137a67c) Importer(815301076,1909f56bfc062723c751e8b465ee728b)  -> (artifact id: 'b4d967a7033a8a17f21de042bb7d0cf8') in 0.143437 seconds
Number of updated asset objects reloaded before import = 0
Number of asset objects unloaded after import = 140
========================================================================
Received Import Request.
  Time since last request: 0.000037 seconds.
  path: Assets/Animation/Animation/Walking.fbx
  artifactKey: Guid(ad1e13c14a0f95943a517248a8feb39b) Importer(815301076,1909f56bfc062723c751e8b465ee728b)
Start importing Assets/Animation/Animation/Walking.fbx using Guid(ad1e13c14a0f95943a517248a8feb39b) Importer(815301076,1909f56bfc062723c751e8b465ee728b)  -> (artifact id: 'b3d9dcc4e8faa51eec1a207294ab9a60') in 0.111814 seconds
Number of updated asset objects reloaded before import = 0
Number of asset objects unloaded after import = 140
========================================================================
Received Import Request.
  Time since last request: 20.251178 seconds.
  path: Assets/Animation/Animation/Breathing Idle.fbx
  artifactKey: Guid(577ff2eeebd12034d95c3f702babc500) Importer(815301076,1909f56bfc062723c751e8b465ee728b)
Start importing Assets/Animation/Animation/Breathing Idle.fbx using Guid(577ff2eeebd12034d95c3f702babc500) Importer(815301076,1909f56bfc062723c751e8b465ee728b)  -> (artifact id: '228f0569df768d4ce95e0b7502e73d54') in 0.137710 seconds
Number of updated asset objects reloaded before import = 0
Number of asset objects unloaded after import = 142
========================================================================
Received Import Request.
  Time since last request: 26.817214 seconds.
  path: Assets/Animation/Animation/Breathing Idle.fbx
  artifactKey: Guid(577ff2eeebd12034d95c3f702babc500) Importer(815301076,1909f56bfc062723c751e8b465ee728b)
Start importing Assets/Animation/Animation/Breathing Idle.fbx using Guid(577ff2eeebd12034d95c3f702babc500) Importer(815301076,1909f56bfc062723c751e8b465ee728b)  -> (artifact id: 'edf060efa676dc6f1a0a466f79f976cb') in 0.142558 seconds
Number of updated asset objects reloaded before import = 0
Number of asset objects unloaded after import = 142
========================================================================
Received Import Request.
  Time since last request: 4.936615 seconds.
  path: Assets/Animation/Materials/base mesh character_002.mat
  artifactKey: Guid(321acf32371e66a4f93cd4e8fbf71493) Importer(815301076,1909f56bfc062723c751e8b465ee728b)
Start importing Assets/Animation/Materials/base mesh character_002.mat using Guid(321acf32371e66a4f93cd4e8fbf71493) Importer(815301076,1909f56bfc062723c751e8b465ee728b)  -> (artifact id: 'c3069ef2c47267016e48fb0903f44f01') in 0.031509 seconds
Number of updated asset objects reloaded before import = 0
Number of asset objects unloaded after import = 1
========================================================================
Received Import Request.
  Time since last request: 6.198665 seconds.
  path: Assets/Animation/Textures/Mert_Karakter_Base_color.png
  artifactKey: Guid(d45b261c225eb8e49ac8e80d59bdaa8b) Importer(815301076,1909f56bfc062723c751e8b465ee728b)
Start importing Assets/Animation/Textures/Mert_Karakter_Base_color.png using Guid(d45b261c225eb8e49ac8e80d59bdaa8b) Importer(815301076,1909f56bfc062723c751e8b465ee728b)  -> (artifact id: '30419948cffaaa13ade63e86e19218bd') in 0.123413 seconds
Number of updated asset objects reloaded before import = 0
Number of asset objects unloaded after import = 2
========================================================================
Received Import Request.
  Time since last request: 0.000030 seconds.
  path: Assets/Animation/Textures/Mert_Karakter_Metallic.png
  artifactKey: Guid(c6ec907cd112057429c0933c530200ec) Importer(815301076,1909f56bfc062723c751e8b465ee728b)
Start importing Assets/Animation/Textures/Mert_Karakter_Metallic.png using Guid(c6ec907cd112057429c0933c530200ec) Importer(815301076,1909f56bfc062723c751e8b465ee728b)  -> (artifact id: '525813f22c2c7cb729d5b05f5e81128c') in 0.063752 seconds
Number of updated asset objects reloaded before import = 0
Number of asset objects unloaded after import = 2
========================================================================
Received Import Request.
  Time since last request: 0.000037 seconds.
  path: Assets/Animation/Textures/Mert_Karakter_Roughness.png
  artifactKey: Guid(e880b92ccc6984b49a255a229dd0673a) Importer(815301076,1909f56bfc062723c751e8b465ee728b)
Start importing Assets/Animation/Textures/Mert_Karakter_Roughness.png using Guid(e880b92ccc6984b49a255a229dd0673a) Importer(815301076,1909f56bfc062723c751e8b465ee728b)  -> (artifact id: 'ab165e77179dd55cb383e46443e1ef59') in 0.047034 seconds
Number of updated asset objects reloaded before import = 0
Number of asset objects unloaded after import = 2
========================================================================
Received Import Request.
  Time since last request: 79.793925 seconds.
  path: Assets/Animation/Textures/Mert_Karakter_Normal.png
  artifactKey: Guid(45ef664aced887e4d8e9bb2292ecbfee) Importer(815301076,1909f56bfc062723c751e8b465ee728b)
Start importing Assets/Animation/Textures/Mert_Karakter_Normal.png using Guid(45ef664aced887e4d8e9bb2292ecbfee) Importer(815301076,1909f56bfc062723c751e8b465ee728b)  -> (artifact id: '859f27880eb381cb5107fd88faa38ff8') in 0.199982 seconds
Number of updated asset objects reloaded before import = 0
Number of asset objects unloaded after import = 2
========================================================================
Received Import Request.
  Time since last request: 191.509480 seconds.
  path: Assets/Animation/Animator
  artifactKey: Guid(35211540cb99b2a4dacb50715d974dcd) Importer(815301076,1909f56bfc062723c751e8b465ee728b)
Start importing Assets/Animation/Animator using Guid(35211540cb99b2a4dacb50715d974dcd) Importer(815301076,1909f56bfc062723c751e8b465ee728b)  -> (artifact id: 'ef3167f424030750f7ec32ecad21fb7a') in 0.001646 seconds
Number of updated asset objects reloaded before import = 0
Number of asset objects unloaded after import = 0
========================================================================
Received Import Request.
  Time since last request: 13.440710 seconds.
  path: Assets/Animation/Animator/Mert.controller
  artifactKey: Guid(c4e4e6a36511a604da651d1d28bac853) Importer(815301076,1909f56bfc062723c751e8b465ee728b)
Start importing Assets/Animation/Animator/Mert.controller using Guid(c4e4e6a36511a604da651d1d28bac853) Importer(815301076,1909f56bfc062723c751e8b465ee728b)  -> (artifact id: 'bf5c14661580efada22ec8ce195a759c') in 0.004747 seconds
Number of updated asset objects reloaded before import = 0
Number of asset objects unloaded after import = 1
========================================================================
Received Import Request.
  Time since last request: 1499.793578 seconds.
  path: Assets/Animation/Animation/Falling Forward Death.fbx
  artifactKey: Guid(e9c252f6a4748124bb48133eb91d45a4) Importer(815301076,1909f56bfc062723c751e8b465ee728b)
Start importing Assets/Animation/Animation/Falling Forward Death.fbx using Guid(e9c252f6a4748124bb48133eb91d45a4) Importer(815301076,1909f56bfc062723c751e8b465ee728b)  -> (artifact id: 'c3296ec61fb102f131e7ffebb63da5fe') in 0.100912 seconds
Number of updated asset objects reloaded before import = 0
Number of asset objects unloaded after import = 142
========================================================================
Received Import Request.
  Time since last request: 19.094467 seconds.
  path: Assets/Animation/Animation/Falling Forward Death.fbx
  artifactKey: Guid(e9c252f6a4748124bb48133eb91d45a4) Importer(815301076,1909f56bfc062723c751e8b465ee728b)
Start importing Assets/Animation/Animation/Falling Forward Death.fbx using Guid(e9c252f6a4748124bb48133eb91d45a4) Importer(815301076,1909f56bfc062723c751e8b465ee728b)  -> (artifact id: 'ee2941aacb5560261e146b23ac1b40c8') in 0.126623 seconds
Number of updated asset objects reloaded before import = 0
Number of asset objects unloaded after import = 142
========================================================================
Received Import Request.
  Time since last request: 3.216629 seconds.
  path: Assets/Animation/Materials/base mesh character_002 1.mat
  artifactKey: Guid(a10a94a5afd02c7499edf6d37d4f79f0) Importer(815301076,1909f56bfc062723c751e8b465ee728b)
Start importing Assets/Animation/Materials/base mesh character_002 1.mat using Guid(a10a94a5afd02c7499edf6d37d4f79f0) Importer(815301076,1909f56bfc062723c751e8b465ee728b)  -> (artifact id: '0a9559f394fa276c063e6a0b9236695b') in 0.021477 seconds
Number of updated asset objects reloaded before import = 0
Number of asset objects unloaded after import = 1
========================================================================
Received Import Request.
  Time since last request: 4.097601 seconds.
  path: Assets/Animation/Animation/Falling Forward Death.fbx
  artifactKey: Guid(e9c252f6a4748124bb48133eb91d45a4) Importer(815301076,1909f56bfc062723c751e8b465ee728b)
Start importing Assets/Animation/Animation/Falling Forward Death.fbx using Guid(e9c252f6a4748124bb48133eb91d45a4) Importer(815301076,1909f56bfc062723c751e8b465ee728b)  -> (artifact id: 'edc1c04c3c069520348d4bdc58df0efa') in 0.087559 seconds
Number of updated asset objects reloaded before import = 0
Number of asset objects unloaded after import = 142
========================================================================
Received Import Request.
  Time since last request: 64.814674 seconds.
  path: Assets/Animation/Animation/Jog Forward.fbx
  artifactKey: Guid(9e3b1b76fddb27f44a41e70e463d98ee) Importer(815301076,1909f56bfc062723c751e8b465ee728b)
Start importing Assets/Animation/Animation/Jog Forward.fbx using Guid(9e3b1b76fddb27f44a41e70e463d98ee) Importer(815301076,1909f56bfc062723c751e8b465ee728b)  -> (artifact id: 'fe3d7fb23b8159019dd4aaf35a981a80') in 0.068586 seconds
Number of updated asset objects reloaded before import = 0
Number of asset objects unloaded after import = 142
========================================================================
Received Import Request.
  Time since last request: 5.294529 seconds.
  path: Assets/Animation/Animation/Jog Forward.fbx
  artifactKey: Guid(9e3b1b76fddb27f44a41e70e463d98ee) Importer(815301076,1909f56bfc062723c751e8b465ee728b)
Start importing Assets/Animation/Animation/Jog Forward.fbx using Guid(9e3b1b76fddb27f44a41e70e463d98ee) Importer(815301076,1909f56bfc062723c751e8b465ee728b)  -> (artifact id: 'e68b88dc2a510238ecd04da5d06b65b1') in 0.070945 seconds
Number of updated asset objects reloaded before import = 0
Number of asset objects unloaded after import = 142
========================================================================
Received Import Request.
  Time since last request: 22.316909 seconds.
  path: Assets/Animation/Animation/Left Strafe Walking.fbx
  artifactKey: Guid(461b9b083e7a1e545b74908fa137a67c) Importer(815301076,1909f56bfc062723c751e8b465ee728b)
Start importing Assets/Animation/Animation/Left Strafe Walking.fbx using Guid(461b9b083e7a1e545b74908fa137a67c) Importer(815301076,1909f56bfc062723c751e8b465ee728b)  -> (artifact id: '9eb356b2f6bf7e292dc9b60fd3d901d0') in 0.053900 seconds
Number of updated asset objects reloaded before import = 0
Number of asset objects unloaded after import = 142
========================================================================
Received Import Request.
  Time since last request: 4.381060 seconds.
  path: Assets/Animation/Animation/Left Strafe Walking.fbx
  artifactKey: Guid(461b9b083e7a1e545b74908fa137a67c) Importer(815301076,1909f56bfc062723c751e8b465ee728b)
Start importing Assets/Animation/Animation/Left Strafe Walking.fbx using Guid(461b9b083e7a1e545b74908fa137a67c) Importer(815301076,1909f56bfc062723c751e8b465ee728b)  -> (artifact id: '2d5ad17c7dace8cb6262454627245a19') in 0.318124 seconds
Number of updated asset objects reloaded before import = 0
Number of asset objects unloaded after import = 142
========================================================================
Received Import Request.
  Time since last request: 23.747683 seconds.
  path: Assets/Animation/Animation/Left Strafe Walking Mirror.fbx
  artifactKey: Guid(a39adc93e8875eb489c2d23a07a4acaa) Importer(815301076,1909f56bfc062723c751e8b465ee728b)
Start importing Assets/Animation/Animation/Left Strafe Walking Mirror.fbx using Guid(a39adc93e8875eb489c2d23a07a4acaa) Importer(815301076,1909f56bfc062723c751e8b465ee728b)  -> (artifact id: '4fde1ced2774e3917adef52eed8f474a') in 0.056190 seconds
Number of updated asset objects reloaded before import = 0
Number of asset objects unloaded after import = 142
========================================================================
Received Import Request.
  Time since last request: 3.748606 seconds.
  path: Assets/Animation/Animation/Left Strafe Walking Mirror.fbx
  artifactKey: Guid(a39adc93e8875eb489c2d23a07a4acaa) Importer(815301076,1909f56bfc062723c751e8b465ee728b)
Start importing Assets/Animation/Animation/Left Strafe Walking Mirror.fbx using Guid(a39adc93e8875eb489c2d23a07a4acaa) Importer(815301076,1909f56bfc062723c751e8b465ee728b)  -> (artifact id: 'fd061a5336601cf52f7487665eea34bf') in 0.153495 seconds
Number of updated asset objects reloaded before import = 0
Number of asset objects unloaded after import = 142
========================================================================
Received Import Request.
  Time since last request: 11.369967 seconds.
  path: Assets/Animation/Animation/Punch Combo.fbx
  artifactKey: Guid(385a6b0506ab46442a162ad395716c3b) Importer(815301076,1909f56bfc062723c751e8b465ee728b)
Start importing Assets/Animation/Animation/Punch Combo.fbx using Guid(385a6b0506ab46442a162ad395716c3b) Importer(815301076,1909f56bfc062723c751e8b465ee728b)  -> (artifact id: '88b196a79a22c3beae28213a357ce17e') in 0.047699 seconds
Number of updated asset objects reloaded before import = 0
Number of asset objects unloaded after import = 142
========================================================================
Received Import Request.
  Time since last request: 3.540690 seconds.
  path: Assets/Animation/Animation/Punch Combo.fbx
  artifactKey: Guid(385a6b0506ab46442a162ad395716c3b) Importer(815301076,1909f56bfc062723c751e8b465ee728b)
Start importing Assets/Animation/Animation/Punch Combo.fbx using Guid(385a6b0506ab46442a162ad395716c3b) Importer(815301076,1909f56bfc062723c751e8b465ee728b)  -> (artifact id: 'a3bf305ab35fb5a26cb0e34defad2dbd') in 0.090758 seconds
Number of updated asset objects reloaded before import = 0
Number of asset objects unloaded after import = 142
========================================================================
Received Import Request.
  Time since last request: 17.773510 seconds.
  path: Assets/Animation/Animation/Sad Walk.fbx
  artifactKey: Guid(9a2cfe32ce616774d9bed5c4962001a8) Importer(815301076,1909f56bfc062723c751e8b465ee728b)
Start importing Assets/Animation/Animation/Sad Walk.fbx using Guid(9a2cfe32ce616774d9bed5c4962001a8) Importer(815301076,1909f56bfc062723c751e8b465ee728b)  -> (artifact id: '309b22e071b0d3dfba01a66a0bc41a71') in 0.083052 seconds
Number of updated asset objects reloaded before import = 0
Number of asset objects unloaded after import = 142
========================================================================
Received Import Request.
  Time since last request: 3.032458 seconds.
  path: Assets/Animation/Animation/Sad Walk.fbx
  artifactKey: Guid(9a2cfe32ce616774d9bed5c4962001a8) Importer(815301076,1909f56bfc062723c751e8b465ee728b)
Start importing Assets/Animation/Animation/Sad Walk.fbx using Guid(9a2cfe32ce616774d9bed5c4962001a8) Importer(815301076,1909f56bfc062723c751e8b465ee728b)  -> (artifact id: '051ceb5e71e2aeabddde462449ceea30') in 0.083166 seconds
Number of updated asset objects reloaded before import = 0
Number of asset objects unloaded after import = 142
========================================================================
Received Import Request.
  Time since last request: 13.541899 seconds.
  path: Assets/Animation/Animation/Walking.fbx
  artifactKey: Guid(ad1e13c14a0f95943a517248a8feb39b) Importer(815301076,1909f56bfc062723c751e8b465ee728b)
Start importing Assets/Animation/Animation/Walking.fbx using Guid(ad1e13c14a0f95943a517248a8feb39b) Importer(815301076,1909f56bfc062723c751e8b465ee728b)  -> (artifact id: '21b7bc4f3bd0aa75fc57a3d60e20b351') in 0.076227 seconds
Number of updated asset objects reloaded before import = 0
Number of asset objects unloaded after import = 142
========================================================================
Received Import Request.
  Time since last request: 3.110500 seconds.
  path: Assets/Animation/Animation/Walking.fbx
  artifactKey: Guid(ad1e13c14a0f95943a517248a8feb39b) Importer(815301076,1909f56bfc062723c751e8b465ee728b)
Start importing Assets/Animation/Animation/Walking.fbx using Guid(ad1e13c14a0f95943a517248a8feb39b) Importer(815301076,1909f56bfc062723c751e8b465ee728b)  -> (artifact id: '25ce2c6a15fa48025349434ce5d66010') in 0.077866 seconds
Number of updated asset objects reloaded before import = 0
Number of asset objects unloaded after import = 142
========================================================================
Received Import Request.
  Time since last request: 14.931417 seconds.
  path: Assets/Animation/Animation/Walking Backwards.fbx
  artifactKey: Guid(cb0ccaf503649af4596dcf05af576ddf) Importer(815301076,1909f56bfc062723c751e8b465ee728b)
Start importing Assets/Animation/Animation/Walking Backwards.fbx using Guid(cb0ccaf503649af4596dcf05af576ddf) Importer(815301076,1909f56bfc062723c751e8b465ee728b)  -> (artifact id: '05bd33c0d9dbcb1fe6d204065f93aabe') in 0.050633 seconds
Number of updated asset objects reloaded before import = 0
Number of asset objects unloaded after import = 142
========================================================================
Received Import Request.
  Time since last request: 2.719820 seconds.
  path: Assets/Animation/Animation/Walking Backwards.fbx
  artifactKey: Guid(cb0ccaf503649af4596dcf05af576ddf) Importer(815301076,1909f56bfc062723c751e8b465ee728b)
Start importing Assets/Animation/Animation/Walking Backwards.fbx using Guid(cb0ccaf503649af4596dcf05af576ddf) Importer(815301076,1909f56bfc062723c751e8b465ee728b)  -> (artifact id: '691264dfd99e5481a73ffada4e174fbd') in 0.091115 seconds
Number of updated asset objects reloaded before import = 0
Number of asset objects unloaded after import = 142
========================================================================
Received Import Request.
  Time since last request: 89.581661 seconds.
  path: Assets/Animation/Materials/base mesh character_002.mat
  artifactKey: Guid(321acf32371e66a4f93cd4e8fbf71493) Importer(815301076,1909f56bfc062723c751e8b465ee728b)
Start importing Assets/Animation/Materials/base mesh character_002.mat using Guid(321acf32371e66a4f93cd4e8fbf71493) Importer(815301076,1909f56bfc062723c751e8b465ee728b)  -> (artifact id: '8b5d1cf02c573c673d388502f8a0b94a') in 0.730989 seconds
Number of updated asset objects reloaded before import = 0
Number of asset objects unloaded after import = 8
========================================================================
Received Import Request.
  Time since last request: 2.265387 seconds.
  path: Assets/Animation/Materials/base mesh character_002.mat
  artifactKey: Guid(321acf32371e66a4f93cd4e8fbf71493) Importer(815301076,1909f56bfc062723c751e8b465ee728b)
Start importing Assets/Animation/Materials/base mesh character_002.mat using Guid(321acf32371e66a4f93cd4e8fbf71493) Importer(815301076,1909f56bfc062723c751e8b465ee728b)  -> (artifact id: '487ed24aca25bb9400b852fdbc62cf46') in 0.087549 seconds
Number of updated asset objects reloaded before import = 0
Number of asset objects unloaded after import = 8
========================================================================
Received Import Request.
  Time since last request: 36.340287 seconds.
  path: Assets/Animation/Animation/Breathing Idle.fbx
  artifactKey: Guid(577ff2eeebd12034d95c3f702babc500) Importer(815301076,1909f56bfc062723c751e8b465ee728b)
Start importing Assets/Animation/Animation/Breathing Idle.fbx using Guid(577ff2eeebd12034d95c3f702babc500) Importer(815301076,1909f56bfc062723c751e8b465ee728b)  -> (artifact id: '7cb3dd40f8a51094d189dcefc8ea5bf9') in 0.099513 seconds
Number of updated asset objects reloaded before import = 0
Number of asset objects unloaded after import = 149
========================================================================
Received Import Request.
  Time since last request: 0.000098 seconds.
  path: Assets/Animation/Animation/Walking Backwards.fbx
  artifactKey: Guid(cb0ccaf503649af4596dcf05af576ddf) Importer(815301076,1909f56bfc062723c751e8b465ee728b)
Start importing Assets/Animation/Animation/Walking Backwards.fbx using Guid(cb0ccaf503649af4596dcf05af576ddf) Importer(815301076,1909f56bfc062723c751e8b465ee728b)  -> (artifact id: 'f4e723f0d7c96f674fdc788f9bdd3ace') in 0.106565 seconds
Number of updated asset objects reloaded before import = 0
Number of asset objects unloaded after import = 149
========================================================================
Received Import Request.
  Time since last request: 0.000047 seconds.
  path: Assets/Animation/Animation/Left Strafe Walking Mirror.fbx
  artifactKey: Guid(a39adc93e8875eb489c2d23a07a4acaa) Importer(815301076,1909f56bfc062723c751e8b465ee728b)
Start importing Assets/Animation/Animation/Left Strafe Walking Mirror.fbx using Guid(a39adc93e8875eb489c2d23a07a4acaa) Importer(815301076,1909f56bfc062723c751e8b465ee728b)  -> (artifact id: 'd37911ba6f6c8488c845a49e53316e32') in 0.059957 seconds
Number of updated asset objects reloaded before import = 0
Number of asset objects unloaded after import = 149
========================================================================
Received Import Request.
  Time since last request: 0.000025 seconds.
  path: Assets/Animation/Animation/Sad Walk.fbx
  artifactKey: Guid(9a2cfe32ce616774d9bed5c4962001a8) Importer(815301076,1909f56bfc062723c751e8b465ee728b)
Start importing Assets/Animation/Animation/Sad Walk.fbx using Guid(9a2cfe32ce616774d9bed5c4962001a8) Importer(815301076,1909f56bfc062723c751e8b465ee728b)  -> (artifact id: '505951ba6b74e67624a3b9afe6bc11c5') in 0.055170 seconds
Number of updated asset objects reloaded before import = 0
Number of asset objects unloaded after import = 149
========================================================================
Received Import Request.
  Time since last request: 0.000022 seconds.
  path: Assets/Animation/Animation/Left Strafe Walking.fbx
  artifactKey: Guid(461b9b083e7a1e545b74908fa137a67c) Importer(815301076,1909f56bfc062723c751e8b465ee728b)
Start importing Assets/Animation/Animation/Left Strafe Walking.fbx using Guid(461b9b083e7a1e545b74908fa137a67c) Importer(815301076,1909f56bfc062723c751e8b465ee728b)  -> (artifact id: 'fef60d626c8933170078b5e6082e9942') in 0.063768 seconds
Number of updated asset objects reloaded before import = 0
Number of asset objects unloaded after import = 149
========================================================================
Received Import Request.
  Time since last request: 0.000028 seconds.
  path: Assets/Animation/Animation/Punch Combo.fbx
  artifactKey: Guid(385a6b0506ab46442a162ad395716c3b) Importer(815301076,1909f56bfc062723c751e8b465ee728b)
Start importing Assets/Animation/Animation/Punch Combo.fbx using Guid(385a6b0506ab46442a162ad395716c3b) Importer(815301076,1909f56bfc062723c751e8b465ee728b)  -> (artifact id: 'b172b5f068abc78d62c63dcb8fb45e0f') in 0.055127 seconds
Number of updated asset objects reloaded before import = 0
Number of asset objects unloaded after import = 149
========================================================================
Received Import Request.
  Time since last request: 0.000041 seconds.
  path: Assets/Animation/Animation/Walking.fbx
  artifactKey: Guid(ad1e13c14a0f95943a517248a8feb39b) Importer(815301076,1909f56bfc062723c751e8b465ee728b)
Start importing Assets/Animation/Animation/Walking.fbx using Guid(ad1e13c14a0f95943a517248a8feb39b) Importer(815301076,1909f56bfc062723c751e8b465ee728b)  -> (artifact id: 'ef08afdd858cda825f5cf137bbbd37d1') in 0.058802 seconds
Number of updated asset objects reloaded before import = 0
Number of asset objects unloaded after import = 149
========================================================================
Received Import Request.
  Time since last request: 0.000035 seconds.
  path: Assets/Animation/Animation/Jog Forward.fbx
  artifactKey: Guid(9e3b1b76fddb27f44a41e70e463d98ee) Importer(815301076,1909f56bfc062723c751e8b465ee728b)
Start importing Assets/Animation/Animation/Jog Forward.fbx using Guid(9e3b1b76fddb27f44a41e70e463d98ee) Importer(815301076,1909f56bfc062723c751e8b465ee728b)  -> (artifact id: 'cd194a3c9b5ff6f41b231a092b004f38') in 0.057042 seconds
Number of updated asset objects reloaded before import = 0
Number of asset objects unloaded after import = 149
========================================================================
Received Import Request.
  Time since last request: 864.124834 seconds.
  path: Assets/Animation/Animator/Mert.controller
  artifactKey: Guid(c4e4e6a36511a604da651d1d28bac853) Importer(815301076,1909f56bfc062723c751e8b465ee728b)
Start importing Assets/Animation/Animator/Mert.controller using Guid(c4e4e6a36511a604da651d1d28bac853) Importer(815301076,1909f56bfc062723c751e8b465ee728b)  -> (artifact id: '3dad955a26360395f0ea08625df6452b') in 0.004053 seconds
Number of updated asset objects reloaded before import = 0
Number of asset objects unloaded after import = 2
